2025-12-02 12:34:52.773 [main] INFO  com.itheima.WebAiProjectApplication - Starting WebAiProjectApplication using Java 17.0.10 with PID 30244 (D:\web-ai-project\target\classes started by 浮沉洛水 in D:\web-ai-project)
2025-12-02 12:34:52.775 [main] DEBUG com.itheima.WebAiProjectApplication - Running with Spring Boot v3.5.7, Spring v6.2.12
2025-12-02 12:34:52.777 [main] INFO  com.itheima.WebAiProjectApplication - No active profile set, falling back to 1 default profile: "default"
2025-12-02 12:34:53.533 [main] INFO  o.s.boot.web.embedded.tomcat.TomcatWebServer - Tomcat initialized with port 8080 (http)
2025-12-02 12:34:53.592 [main] INFO  o.s.b.w.s.c.ServletWebServerApplicationContext - Root WebApplicationContext: initialization completed in 777 ms
2025-12-02 12:34:54.045 [main] INFO  o.s.boot.web.embedded.tomcat.TomcatWebServer - Tomcat started on port 8080 (http) with context path '/'
2025-12-02 12:34:54.051 [main] INFO  com.itheima.WebAiProjectApplication - Started WebAiProjectApplication in 1.652 seconds (process running for 2.402)
2025-12-02 12:39:25.366 [SpringApplicationShutdownHook] INFO  o.s.boot.web.embedded.tomcat.GracefulShutdown - Commencing graceful shutdown. Waiting for active requests to complete
2025-12-02 12:39:26.068 [tomcat-shutdown] INFO  o.s.boot.web.embedded.tomcat.GracefulShutdown - Graceful shutdown complete
2025-12-02 12:39:32.693 [main] INFO  com.itheima.WebAiProjectApplication - Starting WebAiProjectApplication using Java 17.0.10 with PID 33876 (D:\web-ai-project\target\classes started by 浮沉洛水 in D:\web-ai-project)
2025-12-02 12:39:32.695 [main] DEBUG com.itheima.WebAiProjectApplication - Running with Spring Boot v3.5.7, Spring v6.2.12
2025-12-02 12:39:32.695 [main] INFO  com.itheima.WebAiProjectApplication - No active profile set, falling back to 1 default profile: "default"
2025-12-02 12:39:33.347 [main] INFO  o.s.boot.web.embedded.tomcat.TomcatWebServer - Tomcat initialized with port 8080 (http)
2025-12-02 12:39:33.394 [main] INFO  o.s.b.w.s.c.ServletWebServerApplicationContext - Root WebApplicationContext: initialization completed in 663 ms
2025-12-02 12:39:33.756 [main] INFO  o.s.boot.web.embedded.tomcat.TomcatWebServer - Tomcat started on port 8080 (http) with context path '/'
2025-12-02 12:39:33.762 [main] INFO  com.itheima.WebAiProjectApplication - Started WebAiProjectApplication in 1.406 seconds (process running for 1.992)
2025-12-02 12:40:07.929 [http-nio-8080-exec-2] INFO  org.springframework.web.servlet.DispatcherServlet - Initializing Servlet 'dispatcherServlet'
2025-12-02 12:40:07.929 [http-nio-8080-exec-2] INFO  org.springframework.web.servlet.DispatcherServlet - Completed initialization in 0 ms
2025-12-02 12:40:07.975 [http-nio-8080-exec-2] INFO  com.itheima.controller.EmpController - 分页查询,1,5
2025-12-02 12:42:41.782 [SpringApplicationShutdownHook] INFO  o.s.boot.web.embedded.tomcat.GracefulShutdown - Commencing graceful shutdown. Waiting for active requests to complete
2025-12-02 12:42:42.492 [tomcat-shutdown] INFO  o.s.boot.web.embedded.tomcat.GracefulShutdown - Graceful shutdown complete
2025-12-02 12:42:46.069 [main] INFO  com.itheima.WebAiProjectApplication - Starting WebAiProjectApplication using Java 17.0.10 with PID 20164 (D:\web-ai-project\target\classes started by 浮沉洛水 in D:\web-ai-project)
2025-12-02 12:42:46.070 [main] DEBUG com.itheima.WebAiProjectApplication - Running with Spring Boot v3.5.7, Spring v6.2.12
2025-12-02 12:42:46.071 [main] INFO  com.itheima.WebAiProjectApplication - No active profile set, falling back to 1 default profile: "default"
2025-12-02 12:42:46.717 [main] INFO  o.s.boot.web.embedded.tomcat.TomcatWebServer - Tomcat initialized with port 8080 (http)
2025-12-02 12:42:46.765 [main] INFO  o.s.b.w.s.c.ServletWebServerApplicationContext - Root WebApplicationContext: initialization completed in 661 ms
2025-12-02 12:42:47.117 [main] INFO  o.s.boot.web.embedded.tomcat.TomcatWebServer - Tomcat started on port 8080 (http) with context path '/'
2025-12-02 12:42:47.125 [main] INFO  com.itheima.WebAiProjectApplication - Started WebAiProjectApplication in 1.384 seconds (process running for 1.977)
2025-12-02 12:43:14.309 [http-nio-8080-exec-2] INFO  org.springframework.web.servlet.DispatcherServlet - Initializing Servlet 'dispatcherServlet'
2025-12-02 12:43:14.309 [http-nio-8080-exec-2] INFO  org.springframework.web.servlet.DispatcherServlet - Completed initialization in 0 ms
2025-12-02 12:43:14.341 [http-nio-8080-exec-2] INFO  com.itheima.controller.EmpController - 分页查询,1,5
2025-12-02 12:43:20.163 [SpringApplicationShutdownHook] INFO  o.s.boot.web.embedded.tomcat.GracefulShutdown - Commencing graceful shutdown. Waiting for active requests to complete
2025-12-02 12:43:20.892 [tomcat-shutdown] INFO  o.s.boot.web.embedded.tomcat.GracefulShutdown - Graceful shutdown complete
