2025-12-04 12:30:01.997 [main] INFO  com.itheima.WebAiProjectApplication - Starting WebAiProjectApplication using Java 17.0.10 with PID 32464 (D:\web-ai-project\target\classes started by 浮沉洛水 in D:\web-ai-project)
2025-12-04 12:30:02.000 [main] DEBUG com.itheima.WebAiProjectApplication - Running with Spring Boot v3.5.7, Spring v6.2.12
2025-12-04 12:30:02.001 [main] INFO  com.itheima.WebAiProjectApplication - No active profile set, falling back to 1 default profile: "default"
2025-12-04 12:30:02.844 [main] INFO  o.s.boot.web.embedded.tomcat.TomcatWebServer - Tomcat initialized with port 8080 (http)
2025-12-04 12:30:02.912 [main] INFO  o.s.b.w.s.c.ServletWebServerApplicationContext - Root WebApplicationContext: initialization completed in 873 ms
2025-12-04 12:30:03.434 [main] INFO  o.s.boot.web.embedded.tomcat.TomcatWebServer - Tomcat started on port 8080 (http) with context path '/'
2025-12-04 12:30:03.441 [main] INFO  com.itheima.WebAiProjectApplication - Started WebAiProjectApplication in 1.824 seconds (process running for 2.56)
2025-12-04 12:32:31.926 [SpringApplicationShutdownHook] INFO  o.s.boot.web.embedded.tomcat.GracefulShutdown - Commencing graceful shutdown. Waiting for active requests to complete
2025-12-04 12:32:32.798 [tomcat-shutdown] INFO  o.s.boot.web.embedded.tomcat.GracefulShutdown - Graceful shutdown complete
2025-12-04 12:37:16.156 [main] INFO  com.itheima.WebAiProjectApplication - Starting WebAiProjectApplication using Java 17.0.10 with PID 24780 (D:\web-ai-project\target\classes started by 浮沉洛水 in D:\web-ai-project)
2025-12-04 12:37:16.158 [main] DEBUG com.itheima.WebAiProjectApplication - Running with Spring Boot v3.5.7, Spring v6.2.12
2025-12-04 12:37:16.158 [main] INFO  com.itheima.WebAiProjectApplication - No active profile set, falling back to 1 default profile: "default"
2025-12-04 12:37:16.885 [main] INFO  o.s.boot.web.embedded.tomcat.TomcatWebServer - Tomcat initialized with port 8080 (http)
2025-12-04 12:37:16.937 [main] INFO  o.s.b.w.s.c.ServletWebServerApplicationContext - Root WebApplicationContext: initialization completed in 745 ms
2025-12-04 12:37:17.340 [main] INFO  o.s.boot.web.embedded.tomcat.TomcatWebServer - Tomcat started on port 8080 (http) with context path '/'
2025-12-04 12:37:17.347 [main] INFO  com.itheima.WebAiProjectApplication - Started WebAiProjectApplication in 1.525 seconds (process running for 2.156)
2025-12-04 12:38:41.926 [SpringApplicationShutdownHook] INFO  o.s.boot.web.embedded.tomcat.GracefulShutdown - Commencing graceful shutdown. Waiting for active requests to complete
2025-12-04 12:38:42.622 [tomcat-shutdown] INFO  o.s.boot.web.embedded.tomcat.GracefulShutdown - Graceful shutdown complete
2025-12-04 12:38:46.899 [main] INFO  com.itheima.WebAiProjectApplication - Starting WebAiProjectApplication using Java 17.0.10 with PID 20036 (D:\web-ai-project\target\classes started by 浮沉洛水 in D:\web-ai-project)
2025-12-04 12:38:46.902 [main] DEBUG com.itheima.WebAiProjectApplication - Running with Spring Boot v3.5.7, Spring v6.2.12
2025-12-04 12:38:46.902 [main] INFO  com.itheima.WebAiProjectApplication - No active profile set, falling back to 1 default profile: "default"
2025-12-04 12:38:47.572 [main] INFO  o.s.boot.web.embedded.tomcat.TomcatWebServer - Tomcat initialized with port 8080 (http)
2025-12-04 12:38:47.620 [main] INFO  o.s.b.w.s.c.ServletWebServerApplicationContext - Root WebApplicationContext: initialization completed in 684 ms
2025-12-04 12:38:47.983 [main] INFO  o.s.boot.web.embedded.tomcat.TomcatWebServer - Tomcat started on port 8080 (http) with context path '/'
2025-12-04 12:38:47.989 [main] INFO  com.itheima.WebAiProjectApplication - Started WebAiProjectApplication in 1.442 seconds (process running for 2.015)
2025-12-04 12:40:21.985 [http-nio-8080-exec-2] INFO  org.springframework.web.servlet.DispatcherServlet - Initializing Servlet 'dispatcherServlet'
2025-12-04 12:40:21.986 [http-nio-8080-exec-2] INFO  org.springframework.web.servlet.DispatcherServlet - Completed initialization in 1 ms
2025-12-04 12:40:22.043 [http-nio-8080-exec-2] INFO  com.itheima.controller.EmpController - 分页查询,1,5,阮,1,2010-01-01,2025-01-01
2025-12-04 12:45:50.991 [SpringApplicationShutdownHook] INFO  o.s.boot.web.embedded.tomcat.GracefulShutdown - Commencing graceful shutdown. Waiting for active requests to complete
2025-12-04 12:45:51.684 [tomcat-shutdown] INFO  o.s.boot.web.embedded.tomcat.GracefulShutdown - Graceful shutdown complete
2025-12-04 12:45:55.551 [main] INFO  com.itheima.WebAiProjectApplication - Starting WebAiProjectApplication using Java 17.0.10 with PID 3228 (D:\web-ai-project\target\classes started by 浮沉洛水 in D:\web-ai-project)
2025-12-04 12:45:55.553 [main] DEBUG com.itheima.WebAiProjectApplication - Running with Spring Boot v3.5.7, Spring v6.2.12
2025-12-04 12:45:55.553 [main] INFO  com.itheima.WebAiProjectApplication - No active profile set, falling back to 1 default profile: "default"
2025-12-04 12:45:56.214 [main] INFO  o.s.boot.web.embedded.tomcat.TomcatWebServer - Tomcat initialized with port 8080 (http)
2025-12-04 12:45:56.263 [main] INFO  o.s.b.w.s.c.ServletWebServerApplicationContext - Root WebApplicationContext: initialization completed in 677 ms
2025-12-04 12:45:56.614 [main] INFO  o.s.boot.web.embedded.tomcat.TomcatWebServer - Tomcat started on port 8080 (http) with context path '/'
2025-12-04 12:45:56.620 [main] INFO  com.itheima.WebAiProjectApplication - Started WebAiProjectApplication in 1.374 seconds (process running for 1.95)
2025-12-04 12:46:01.037 [http-nio-8080-exec-1] INFO  org.springframework.web.servlet.DispatcherServlet - Initializing Servlet 'dispatcherServlet'
2025-12-04 12:46:01.038 [http-nio-8080-exec-1] INFO  org.springframework.web.servlet.DispatcherServlet - Completed initialization in 1 ms
2025-12-04 12:46:01.086 [http-nio-8080-exec-1] INFO  com.itheima.controller.EmpController - 分页查询,1,5,阮,1,2010-01-01,2025-01-01
2025-12-04 12:46:44.183 [SpringApplicationShutdownHook] INFO  o.s.boot.web.embedded.tomcat.GracefulShutdown - Commencing graceful shutdown. Waiting for active requests to complete
2025-12-04 12:46:44.898 [tomcat-shutdown] INFO  o.s.boot.web.embedded.tomcat.GracefulShutdown - Graceful shutdown complete
2025-12-04 12:55:53.720 [main] INFO  com.itheima.WebAiProjectApplication - Starting WebAiProjectApplication using Java 17.0.10 with PID 18128 (D:\web-ai-project\target\classes started by 浮沉洛水 in D:\web-ai-project)
2025-12-04 12:55:53.722 [main] DEBUG com.itheima.WebAiProjectApplication - Running with Spring Boot v3.5.7, Spring v6.2.12
2025-12-04 12:55:53.723 [main] INFO  com.itheima.WebAiProjectApplication - No active profile set, falling back to 1 default profile: "default"
2025-12-04 12:55:54.423 [main] INFO  o.s.boot.web.embedded.tomcat.TomcatWebServer - Tomcat initialized with port 8080 (http)
2025-12-04 12:55:54.480 [main] INFO  o.s.b.w.s.c.ServletWebServerApplicationContext - Root WebApplicationContext: initialization completed in 726 ms
2025-12-04 12:55:54.954 [main] INFO  o.s.boot.web.embedded.tomcat.TomcatWebServer - Tomcat started on port 8080 (http) with context path '/'
2025-12-04 12:55:54.961 [main] INFO  com.itheima.WebAiProjectApplication - Started WebAiProjectApplication in 1.557 seconds (process running for 2.138)
2025-12-04 12:55:58.273 [http-nio-8080-exec-1] INFO  org.springframework.web.servlet.DispatcherServlet - Initializing Servlet 'dispatcherServlet'
2025-12-04 12:55:58.273 [http-nio-8080-exec-1] INFO  org.springframework.web.servlet.DispatcherServlet - Completed initialization in 0 ms
2025-12-04 12:55:58.308 [http-nio-8080-exec-1] INFO  com.itheima.controller.EmpController - 分页查询,1,5,阮,1,2010-01-01,2025-01-01
2025-12-04 12:56:05.200 [SpringApplicationShutdownHook] INFO  o.s.boot.web.embedded.tomcat.GracefulShutdown - Commencing graceful shutdown. Waiting for active requests to complete
2025-12-04 12:56:05.900 [tomcat-shutdown] INFO  o.s.boot.web.embedded.tomcat.GracefulShutdown - Graceful shutdown complete
2025-12-04 13:28:59.101 [main] INFO  com.itheima.WebAiProjectApplication - Starting WebAiProjectApplication using Java 17.0.10 with PID 19392 (D:\web-ai-project\target\classes started by 浮沉洛水 in D:\web-ai-project)
2025-12-04 13:28:59.103 [main] DEBUG com.itheima.WebAiProjectApplication - Running with Spring Boot v3.5.7, Spring v6.2.12
2025-12-04 13:28:59.103 [main] INFO  com.itheima.WebAiProjectApplication - No active profile set, falling back to 1 default profile: "default"
2025-12-04 13:28:59.764 [main] INFO  o.s.boot.web.embedded.tomcat.TomcatWebServer - Tomcat initialized with port 8080 (http)
2025-12-04 13:28:59.818 [main] INFO  o.s.b.w.s.c.ServletWebServerApplicationContext - Root WebApplicationContext: initialization completed in 683 ms
2025-12-04 13:29:00.235 [main] INFO  o.s.boot.web.embedded.tomcat.TomcatWebServer - Tomcat started on port 8080 (http) with context path '/'
2025-12-04 13:29:00.241 [main] INFO  com.itheima.WebAiProjectApplication - Started WebAiProjectApplication in 1.448 seconds (process running for 2.035)
2025-12-04 13:29:06.035 [http-nio-8080-exec-2] INFO  org.springframework.web.servlet.DispatcherServlet - Initializing Servlet 'dispatcherServlet'
2025-12-04 13:29:06.036 [http-nio-8080-exec-2] INFO  org.springframework.web.servlet.DispatcherServlet - Completed initialization in 1 ms
2025-12-04 13:29:06.078 [http-nio-8080-exec-2] INFO  com.itheima.controller.EmpController - 分页查询,EmpQueryParam(page=1, pageSize=5, name=阮, gender=1, begin=2010-01-01, end=2025-01-01)
2025-12-04 13:29:11.265 [http-nio-8080-exec-3] INFO  com.itheima.controller.EmpController - 分页查询,EmpQueryParam(page=1, pageSize=5, name=阮, gender=1, begin=2010-01-01, end=2025-01-01)
2025-12-04 13:29:21.399 [SpringApplicationShutdownHook] INFO  o.s.boot.web.embedded.tomcat.GracefulShutdown - Commencing graceful shutdown. Waiting for active requests to complete
2025-12-04 13:29:22.089 [tomcat-shutdown] INFO  o.s.boot.web.embedded.tomcat.GracefulShutdown - Graceful shutdown complete
2025-12-04 13:36:48.147 [main] INFO  com.itheima.WebAiProjectApplication - Starting WebAiProjectApplication using Java 17.0.10 with PID 22120 (D:\web-ai-project\target\classes started by 浮沉洛水 in D:\web-ai-project)
2025-12-04 13:36:48.149 [main] DEBUG com.itheima.WebAiProjectApplication - Running with Spring Boot v3.5.7, Spring v6.2.12
2025-12-04 13:36:48.149 [main] INFO  com.itheima.WebAiProjectApplication - No active profile set, falling back to 1 default profile: "default"
2025-12-04 13:36:48.850 [main] INFO  o.s.boot.web.embedded.tomcat.TomcatWebServer - Tomcat initialized with port 8080 (http)
2025-12-04 13:36:48.912 [main] INFO  o.s.b.w.s.c.ServletWebServerApplicationContext - Root WebApplicationContext: initialization completed in 732 ms
2025-12-04 13:36:49.431 [main] INFO  o.s.boot.web.embedded.tomcat.TomcatWebServer - Tomcat started on port 8080 (http) with context path '/'
2025-12-04 13:36:49.439 [main] INFO  com.itheima.WebAiProjectApplication - Started WebAiProjectApplication in 1.616 seconds (process running for 2.194)
2025-12-04 13:36:52.197 [http-nio-8080-exec-2] INFO  org.springframework.web.servlet.DispatcherServlet - Initializing Servlet 'dispatcherServlet'
2025-12-04 13:36:52.198 [http-nio-8080-exec-2] INFO  org.springframework.web.servlet.DispatcherServlet - Completed initialization in 1 ms
2025-12-04 13:36:52.239 [http-nio-8080-exec-2] INFO  com.itheima.controller.EmpController - 分页查询,EmpQueryParam(page=1, pageSize=5, name=阮, gender=1, begin=2010-01-01, end=2025-01-01)
2025-12-04 13:38:52.053 [SpringApplicationShutdownHook] INFO  o.s.boot.web.embedded.tomcat.GracefulShutdown - Commencing graceful shutdown. Waiting for active requests to complete
2025-12-04 13:38:52.740 [tomcat-shutdown] INFO  o.s.boot.web.embedded.tomcat.GracefulShutdown - Graceful shutdown complete
2025-12-04 13:38:58.706 [main] INFO  com.itheima.WebAiProjectApplication - Starting WebAiProjectApplication using Java 17.0.10 with PID 24716 (D:\web-ai-project\target\classes started by 浮沉洛水 in D:\web-ai-project)
2025-12-04 13:38:58.708 [main] DEBUG com.itheima.WebAiProjectApplication - Running with Spring Boot v3.5.7, Spring v6.2.12
2025-12-04 13:38:58.708 [main] INFO  com.itheima.WebAiProjectApplication - No active profile set, falling back to 1 default profile: "default"
2025-12-04 13:38:59.397 [main] INFO  o.s.boot.web.embedded.tomcat.TomcatWebServer - Tomcat initialized with port 8080 (http)
2025-12-04 13:38:59.449 [main] INFO  o.s.b.w.s.c.ServletWebServerApplicationContext - Root WebApplicationContext: initialization completed in 708 ms
2025-12-04 13:38:59.859 [main] INFO  o.s.boot.web.embedded.tomcat.TomcatWebServer - Tomcat started on port 8080 (http) with context path '/'
2025-12-04 13:38:59.864 [main] INFO  com.itheima.WebAiProjectApplication - Started WebAiProjectApplication in 1.473 seconds (process running for 2.108)
2025-12-04 13:39:02.519 [http-nio-8080-exec-2] INFO  org.springframework.web.servlet.DispatcherServlet - Initializing Servlet 'dispatcherServlet'
2025-12-04 13:39:02.519 [http-nio-8080-exec-2] INFO  org.springframework.web.servlet.DispatcherServlet - Completed initialization in 0 ms
2025-12-04 13:39:02.559 [http-nio-8080-exec-2] INFO  com.itheima.controller.EmpController - 分页查询,EmpQueryParam(page=1, pageSize=5, name=阮, gender=1, begin=2010-01-01, end=2025-01-01)
2025-12-04 13:39:06.124 [http-nio-8080-exec-3] INFO  com.itheima.controller.EmpController - 分页查询,EmpQueryParam(page=1, pageSize=5, name=阮, gender=1, begin=2010-01-01, end=2025-01-01)
2025-12-04 13:39:14.695 [http-nio-8080-exec-4] INFO  com.itheima.controller.EmpController - 分页查询,EmpQueryParam(page=1, pageSize=5, name=张, gender=1, begin=2010-01-01, end=2025-01-01)
2025-12-04 13:39:19.690 [SpringApplicationShutdownHook] INFO  o.s.boot.web.embedded.tomcat.GracefulShutdown - Commencing graceful shutdown. Waiting for active requests to complete
2025-12-04 13:39:20.488 [tomcat-shutdown] INFO  o.s.boot.web.embedded.tomcat.GracefulShutdown - Graceful shutdown complete
2025-12-04 23:32:19.876 [main] INFO  com.itheima.WebAiProjectApplication - Starting WebAiProjectApplication using Java 17.0.10 with PID 30984 (D:\web-ai-project\target\classes started by 浮沉洛水 in D:\web-ai-project)
2025-12-04 23:32:19.877 [main] DEBUG com.itheima.WebAiProjectApplication - Running with Spring Boot v3.5.7, Spring v6.2.12
2025-12-04 23:32:19.878 [main] INFO  com.itheima.WebAiProjectApplication - No active profile set, falling back to 1 default profile: "default"
2025-12-04 23:32:20.841 [main] INFO  o.s.boot.web.embedded.tomcat.TomcatWebServer - Tomcat initialized with port 8080 (http)
2025-12-04 23:32:20.908 [main] INFO  o.s.b.w.s.c.ServletWebServerApplicationContext - Root WebApplicationContext: initialization completed in 982 ms
2025-12-04 23:32:21.507 [main] INFO  o.s.boot.web.embedded.tomcat.TomcatWebServer - Tomcat started on port 8080 (http) with context path '/'
2025-12-04 23:32:21.516 [main] INFO  com.itheima.WebAiProjectApplication - Started WebAiProjectApplication in 2.062 seconds (process running for 2.888)
2025-12-04 23:38:08.415 [http-nio-8080-exec-2] INFO  org.springframework.web.servlet.DispatcherServlet - Initializing Servlet 'dispatcherServlet'
2025-12-04 23:38:08.418 [http-nio-8080-exec-2] INFO  org.springframework.web.servlet.DispatcherServlet - Completed initialization in 3 ms
2025-12-04 23:38:08.582 [http-nio-8080-exec-2] INFO  com.itheima.controller.EmpController - add emp:Emp(id=null, username=刘畅, password=null, name=骑国秀, gender=18, phone=null, job=59, salary=35, image=https://loremflickr.com/400/400?lock=3253292289104603, entryDate=2025-10-29, deptId=38, createTime=null, updateTime=null, deptName=null, exprList=[EmpExpr(id=null, empId=null, begin=1995-01-11, end=1948-08-22, company=voluptate, job=sed)])
2025-12-04 23:40:37.304 [SpringApplicationShutdownHook] INFO  o.s.boot.web.embedded.tomcat.GracefulShutdown - Commencing graceful shutdown. Waiting for active requests to complete
2025-12-04 23:40:37.686 [tomcat-shutdown] INFO  o.s.boot.web.embedded.tomcat.GracefulShutdown - Graceful shutdown complete
2025-12-04 23:40:43.475 [main] INFO  com.itheima.WebAiProjectApplication - Starting WebAiProjectApplication using Java 17.0.10 with PID 13644 (D:\web-ai-project\target\classes started by 浮沉洛水 in D:\web-ai-project)
2025-12-04 23:40:43.476 [main] DEBUG com.itheima.WebAiProjectApplication - Running with Spring Boot v3.5.7, Spring v6.2.12
2025-12-04 23:40:43.477 [main] INFO  com.itheima.WebAiProjectApplication - No active profile set, falling back to 1 default profile: "default"
2025-12-04 23:40:44.316 [main] INFO  o.s.boot.web.embedded.tomcat.TomcatWebServer - Tomcat initialized with port 8080 (http)
2025-12-04 23:40:44.376 [main] INFO  o.s.b.w.s.c.ServletWebServerApplicationContext - Root WebApplicationContext: initialization completed in 859 ms
2025-12-04 23:40:44.898 [main] INFO  o.s.boot.web.embedded.tomcat.TomcatWebServer - Tomcat started on port 8080 (http) with context path '/'
2025-12-04 23:40:44.905 [main] INFO  com.itheima.WebAiProjectApplication - Started WebAiProjectApplication in 1.838 seconds (process running for 2.767)
2025-12-04 23:40:49.160 [http-nio-8080-exec-1] INFO  org.springframework.web.servlet.DispatcherServlet - Initializing Servlet 'dispatcherServlet'
2025-12-04 23:40:49.162 [http-nio-8080-exec-1] INFO  org.springframework.web.servlet.DispatcherServlet - Completed initialization in 2 ms
2025-12-04 23:40:49.332 [http-nio-8080-exec-1] INFO  com.itheima.controller.EmpController - add emp:Emp(id=null, username=刘畅, password=null, name=骑国秀, gender=18, phone=null, job=59, salary=35, image=https://loremflickr.com/400/400?lock=3253292289104603, entryDate=2025-10-29, deptId=38, createTime=null, updateTime=null, deptName=null, exprList=[EmpExpr(id=null, empId=null, begin=1995-01-11, end=1948-08-22, company=voluptate, job=sed)])
2025-12-04 23:42:55.033 [http-nio-8080-exec-4] WARN  o.s.w.s.m.support.DefaultHandlerExceptionResolver - Resolved [org.springframework.http.converter.HttpMessageNotReadableException: JSON parse error: Cannot deserialize value of type `java.time.LocalDateTime` from String "2025-12-04 23:55:00": Failed to deserialize java.time.LocalDateTime: (java.time.format.DateTimeParseException) Text '2025-12-04 23:55:00' could not be parsed at index 10]
2025-12-04 23:43:04.882 [http-nio-8080-exec-6] WARN  o.s.w.s.m.support.DefaultHandlerExceptionResolver - Resolved [org.springframework.http.converter.HttpMessageNotReadableException: JSON parse error: Cannot deserialize value of type `java.time.LocalDateTime` from String "2025-12-04 23:55:00": Failed to deserialize java.time.LocalDateTime: (java.time.format.DateTimeParseException) Text '2025-12-04 23:55:00' could not be parsed at index 10]
2025-12-04 23:45:14.012 [http-nio-8080-exec-8] INFO  com.itheima.controller.EmpController - add emp:Emp(id=null, username=刘畅, password=null, name=骑国秀, gender=1, phone=13800138000, job=1, salary=35000, image=https://loremflickr.com/400/400?lock=3253292289104603, entryDate=2025-10-29, deptId=38, createTime=2025-12-04T23:55, updateTime=2025-12-04T23:55, deptName=null, exprList=[EmpExpr(id=null, empId=null, begin=1995-01-11, end=1948-08-22, company=voluptate, job=sed)])
2025-12-04 23:45:41.627 [SpringApplicationShutdownHook] INFO  o.s.boot.web.embedded.tomcat.GracefulShutdown - Commencing graceful shutdown. Waiting for active requests to complete
2025-12-04 23:45:41.968 [tomcat-shutdown] INFO  o.s.boot.web.embedded.tomcat.GracefulShutdown - Graceful shutdown complete
